/home/mehedi/Documents/fakenews/.venv/lib/python3.12/site-packages/newspaper/parsers.py:19: UserWarning: nltk is not installed. Some NLP features will be unavailable. Install it with: pip install 'newspaper4k[nlp]'
  from . import text as txt
/home/mehedi/Documents/fakenews/.venv/lib/python3.12/site-packages/joblib/_multiprocessing_helpers.py:44: UserWarning: [Errno 13] Permission denied.  joblib will operate in serial mode
  warnings.warn("%s.  joblib will operate in serial mode" % (e,))
Traceback (most recent call last):
  File "/home/mehedi/Documents/fakenews/.venv/lib/python3.12/site-packages/django/db/backends/base/base.py", line 279, in ensure_connection
    self.connect()
  File "/home/mehedi/Documents/fakenews/.venv/lib/python3.12/site-packages/django/utils/asyncio.py", line 26, in inner
    return func(*args, **kwargs)
           ^^^^^^^^^^^^^^^^^^^^^
  File "/home/mehedi/Documents/fakenews/.venv/lib/python3.12/site-packages/django/db/backends/base/base.py", line 256, in connect
    self.connection = self.get_new_connection(conn_params)
                      ^^^^^^^^^^^^^^^^^^^^^^^^^^^^^^^^^^^^
  File "/home/mehedi/Documents/fakenews/.venv/lib/python3.12/site-packages/django/utils/asyncio.py", line 26, in inner
    return func(*args, **kwargs)
           ^^^^^^^^^^^^^^^^^^^^^
  File "/home/mehedi/Documents/fakenews/.venv/lib/python3.12/site-packages/django/db/backends/postgresql/base.py", line 333, in get_new_connection
    connection = self.Database.connect(**conn_params)
                 ^^^^^^^^^^^^^^^^^^^^^^^^^^^^^^^^^^^^
  File "/home/mehedi/Documents/fakenews/.venv/lib/python3.12/site-packages/psycopg/connection.py", line 122, in connect
    raise last_ex.with_traceback(None)
psycopg.OperationalError: connection is bad: no error details available

The above exception was the direct cause of the following exception:

Traceback (most recent call last):
  File "/home/mehedi/Documents/fakenews/core/manage.py", line 22, in <module>
    main()
  File "/home/mehedi/Documents/fakenews/core/manage.py", line 18, in main
    execute_from_command_line(sys.argv)
  File "/home/mehedi/Documents/fakenews/.venv/lib/python3.12/site-packages/django/core/management/__init__.py", line 443, in execute_from_command_line
    utility.execute()
  File "/home/mehedi/Documents/fakenews/.venv/lib/python3.12/site-packages/django/core/management/__init__.py", line 437, in execute
    self.fetch_command(subcommand).run_from_argv(self.argv)
  File "/home/mehedi/Documents/fakenews/.venv/lib/python3.12/site-packages/django/core/management/base.py", line 420, in run_from_argv
    self.execute(*args, **cmd_options)
  File "/home/mehedi/Documents/fakenews/.venv/lib/python3.12/site-packages/django/core/management/base.py", line 464, in execute
    output = self.handle(*args, **options)
             ^^^^^^^^^^^^^^^^^^^^^^^^^^^^^
  File "/home/mehedi/Documents/fakenews/core/news_sources/management/commands/fetch_news.py", line 42, in handle
    if not sources.exists():
           ^^^^^^^^^^^^^^^^
  File "/home/mehedi/Documents/fakenews/.venv/lib/python3.12/site-packages/django/db/models/query.py", line 1337, in exists
    return self.query.has_results(using=self.db)
           ^^^^^^^^^^^^^^^^^^^^^^^^^^^^^^^^^^^^^
  File "/home/mehedi/Documents/fakenews/.venv/lib/python3.12/site-packages/django/db/models/sql/query.py", line 686, in has_results
    return compiler.has_results()
           ^^^^^^^^^^^^^^^^^^^^^^
  File "/home/mehedi/Documents/fakenews/.venv/lib/python3.12/site-packages/django/db/models/sql/compiler.py", line 1592, in has_results
    return bool(self.execute_sql(SINGLE))
                ^^^^^^^^^^^^^^^^^^^^^^^^
  File "/home/mehedi/Documents/fakenews/.venv/lib/python3.12/site-packages/django/db/models/sql/compiler.py", line 1622, in execute_sql
    cursor = self.connection.cursor()
             ^^^^^^^^^^^^^^^^^^^^^^^^
  File "/home/mehedi/Documents/fakenews/.venv/lib/python3.12/site-packages/django/utils/asyncio.py", line 26, in inner
    return func(*args, **kwargs)
           ^^^^^^^^^^^^^^^^^^^^^
  File "/home/mehedi/Documents/fakenews/.venv/lib/python3.12/site-packages/django/db/backends/base/base.py", line 320, in cursor
    return self._cursor()
           ^^^^^^^^^^^^^^
  File "/home/mehedi/Documents/fakenews/.venv/lib/python3.12/site-packages/django/db/backends/base/base.py", line 296, in _cursor
    self.ensure_connection()
  File "/home/mehedi/Documents/fakenews/.venv/lib/python3.12/site-packages/django/utils/asyncio.py", line 26, in inner
    return func(*args, **kwargs)
           ^^^^^^^^^^^^^^^^^^^^^
  File "/home/mehedi/Documents/fakenews/.venv/lib/python3.12/site-packages/django/db/backends/base/base.py", line 278, in ensure_connection
    with self.wrap_database_errors:
  File "/home/mehedi/Documents/fakenews/.venv/lib/python3.12/site-packages/django/db/utils.py", line 94, in __exit__
    raise dj_exc_value.with_traceback(traceback) from exc_value
  File "/home/mehedi/Documents/fakenews/.venv/lib/python3.12/site-packages/django/db/backends/base/base.py", line 279, in ensure_connection
    self.connect()
  File "/home/mehedi/Documents/fakenews/.venv/lib/python3.12/site-packages/django/utils/asyncio.py", line 26, in inner
    return func(*args, **kwargs)
           ^^^^^^^^^^^^^^^^^^^^^
  File "/home/mehedi/Documents/fakenews/.venv/lib/python3.12/site-packages/django/db/backends/base/base.py", line 256, in connect
    self.connection = self.get_new_connection(conn_params)
                      ^^^^^^^^^^^^^^^^^^^^^^^^^^^^^^^^^^^^
  File "/home/mehedi/Documents/fakenews/.venv/lib/python3.12/site-packages/django/utils/asyncio.py", line 26, in inner
    return func(*args, **kwargs)
           ^^^^^^^^^^^^^^^^^^^^^
  File "/home/mehedi/Documents/fakenews/.venv/lib/python3.12/site-packages/django/db/backends/postgresql/base.py", line 333, in get_new_connection
    connection = self.Database.connect(**conn_params)
                 ^^^^^^^^^^^^^^^^^^^^^^^^^^^^^^^^^^^^
  File "/home/mehedi/Documents/fakenews/.venv/lib/python3.12/site-packages/psycopg/connection.py", line 122, in connect
    raise last_ex.with_traceback(None)
django.db.utils.OperationalError: connection is bad: no error details available
